
 /----------------------------------------------------------------------------\
 |                                                                            |
 |  yosys -- Yosys Open SYnthesis Suite                                       |
 |                                                                            |
 |  Copyright (C) 2012 - 2020  Claire Xenia Wolf <claire@yosyshq.com>         |
 |                                                                            |
 |  Permission to use, copy, modify, and/or distribute this software for any  |
 |  purpose with or without fee is hereby granted, provided that the above    |
 |  copyright notice and this permission notice appear in all copies.         |
 |                                                                            |
 |  THE SOFTWARE IS PROVIDED "AS IS" AND THE AUTHOR DISCLAIMS ALL WARRANTIES  |
 |  WITH REGARD TO THIS SOFTWARE INCLUDING ALL IMPLIED WARRANTIES OF          |
 |  MERCHANTABILITY AND FITNESS. IN NO EVENT SHALL THE AUTHOR BE LIABLE FOR   |
 |  ANY SPECIAL, DIRECT, INDIRECT, OR CONSEQUENTIAL DAMAGES OR ANY DAMAGES    |
 |  WHATSOEVER RESULTING FROM LOSS OF USE, DATA OR PROFITS, WHETHER IN AN     |
 |  ACTION OF CONTRACT, NEGLIGENCE OR OTHER TORTIOUS ACTION, ARISING OUT OF   |
 |  OR IN CONNECTION WITH THE USE OR PERFORMANCE OF THIS SOFTWARE.            |
 |                                                                            |
 \----------------------------------------------------------------------------/

 Yosys 0.35+24 (git sha1 7eea04779, aarch64-apple-darwin20.2-clang 10.0.0-4ubuntu1 -fPIC -Os)


-- Executing script file `../model/design.ys' --

1. Executing Verilog-2005 frontend: memory.sv
Parsing SystemVerilog input from `memory.sv' to AST representation.
Storing AST representation for module `$abstract\memory'.
Successfully finished Verilog frontend.

2. Executing Verilog-2005 frontend: AnyConst.sv
Parsing SystemVerilog input from `AnyConst.sv' to AST representation.
Storing AST representation for module `$abstract\AnyConst'.
Successfully finished Verilog frontend.

3. Executing Verilog-2005 frontend: ResetCounter.sv
Parsing SystemVerilog input from `ResetCounter.sv' to AST representation.
Storing AST representation for module `$abstract\ResetCounter'.
Successfully finished Verilog frontend.

4. Executing PREP pass.

4.1. Executing HIERARCHY pass (managing design hierarchy).

4.2. Executing AST frontend in derive mode using pre-parsed AST for module `\memory'.
Generating RTLIL representation for module `\memory'.

4.2.1. Analyzing design hierarchy..
Top module:  \memory
Parameter \WIDTH = 2

4.2.2. Executing AST frontend in derive mode using pre-parsed AST for module `\AnyConst'.
Parameter \WIDTH = 2
Generating RTLIL representation for module `$paramod\AnyConst\WIDTH=s32'00000000000000000000000000000010'.
Parameter \WIDTH = 2
Found cached RTLIL representation for module `$paramod\AnyConst\WIDTH=s32'00000000000000000000000000000010'.

4.2.3. Executing AST frontend in derive mode using pre-parsed AST for module `\ResetCounter'.
Generating RTLIL representation for module `\ResetCounter'.

4.2.4. Analyzing design hierarchy..
Top module:  \memory
Used module:     $paramod\AnyConst\WIDTH=s32'00000000000000000000000000000010
Used module:     \ResetCounter

4.2.5. Analyzing design hierarchy..
Top module:  \memory
Used module:     $paramod\AnyConst\WIDTH=s32'00000000000000000000000000000010
Used module:     \ResetCounter
Removing unused module `$abstract\ResetCounter'.
Removing unused module `$abstract\AnyConst'.
Removing unused module `$abstract\memory'.
Removed 3 unused modules.
Module memory directly or indirectly contains formal properties -> setting "keep" attribute.

4.3. Executing PROC pass (convert processes to netlists).

4.3.1. Executing PROC_CLEAN pass (remove empty switches from decision trees).
Cleaned up 0 empty switches.

4.3.2. Executing PROC_RMDEAD pass (remove dead branches from decision trees).
Marked 1 switch rules as full_case in process $proc$ResetCounter.sv:19$45 in module ResetCounter.
Marked 10 switch rules as full_case in process $proc$memory.sv:51$14 in module memory.
Removed a total of 0 dead cases.

4.3.3. Executing PROC_PRUNE pass (remove redundant assignments in processes).
Removed 0 redundant assignments.
Promoted 4 assignments to connections.

4.3.4. Executing PROC_INIT pass (extract init attributes).
Found init rule in `\ResetCounter.$proc$ResetCounter.sv:0$47'.
  Set init value: \count = 0
  Set init value: \flag = 1'0
Found init rule in `\memory.$proc$memory.sv:0$42'.
  Set init value: $formal$memory.sv:185$2_EN = 1'0
Found init rule in `\memory.$proc$memory.sv:0$40'.
  Set init value: $formal$memory.sv:181$1_EN = 1'0

4.3.5. Executing PROC_ARST pass (detect async resets in processes).

4.3.6. Executing PROC_ROM pass (convert switches to ROMs).
Converted 0 switches.
<suppressed ~23 debug messages>

4.3.7. Executing PROC_MUX pass (convert decision trees to multiplexers).
Creating decoders for process `\ResetCounter.$proc$ResetCounter.sv:0$47'.
Creating decoders for process `\ResetCounter.$proc$ResetCounter.sv:19$45'.
     1/2: $0\flag[0:0]
     2/2: $0\count[31:0]
Creating decoders for process `\memory.$proc$memory.sv:0$42'.
Creating decoders for process `\memory.$proc$memory.sv:0$40'.
Creating decoders for process `\memory.$proc$memory.sv:179$27'.
     1/4: $0$formal$memory.sv:181$1_EN[0:0]$29
     2/4: $0$formal$memory.sv:181$1_CHECK[0:0]$28
     3/4: $0$formal$memory.sv:185$2_EN[0:0]$31
     4/4: $0$formal$memory.sv:185$2_CHECK[0:0]$30
Creating decoders for process `\memory.$proc$memory.sv:51$14'.
     1/5: $0\random_data[255:0]
     2/5: $0\mem_3[255:0]
     3/5: $0\mem_2[255:0]
     4/5: $0\mem_1[255:0]
     5/5: $0\mem_0[255:0]

4.3.8. Executing PROC_DLATCH pass (convert process syncs to latches).

4.3.9. Executing PROC_DFF pass (convert process syncs to FFs).
Creating register for signal `\ResetCounter.\count' using process `\ResetCounter.$proc$ResetCounter.sv:19$45'.
  created $dff cell `$procdff$112' with positive edge clock.
Creating register for signal `\ResetCounter.\flag' using process `\ResetCounter.$proc$ResetCounter.sv:19$45'.
  created $dff cell `$procdff$113' with positive edge clock.
Creating register for signal `\memory.$formal$memory.sv:181$1_CHECK' using process `\memory.$proc$memory.sv:179$27'.
  created $dff cell `$procdff$114' with positive edge clock.
Creating register for signal `\memory.$formal$memory.sv:181$1_EN' using process `\memory.$proc$memory.sv:179$27'.
  created $dff cell `$procdff$115' with positive edge clock.
Creating register for signal `\memory.$formal$memory.sv:185$2_CHECK' using process `\memory.$proc$memory.sv:179$27'.
  created $dff cell `$procdff$116' with positive edge clock.
Creating register for signal `\memory.$formal$memory.sv:185$2_EN' using process `\memory.$proc$memory.sv:179$27'.
  created $dff cell `$procdff$117' with positive edge clock.
Creating register for signal `\memory.\mem_0' using process `\memory.$proc$memory.sv:51$14'.
  created $dff cell `$procdff$118' with positive edge clock.
Creating register for signal `\memory.\mem_1' using process `\memory.$proc$memory.sv:51$14'.
  created $dff cell `$procdff$119' with positive edge clock.
Creating register for signal `\memory.\mem_2' using process `\memory.$proc$memory.sv:51$14'.
  created $dff cell `$procdff$120' with positive edge clock.
Creating register for signal `\memory.\mem_3' using process `\memory.$proc$memory.sv:51$14'.
  created $dff cell `$procdff$121' with positive edge clock.
Creating register for signal `\memory.\random_data' using process `\memory.$proc$memory.sv:51$14'.
  created $dff cell `$procdff$122' with positive edge clock.

4.3.10. Executing PROC_MEMWR pass (convert process memory writes to cells).

4.3.11. Executing PROC_CLEAN pass (remove empty switches from decision trees).
Removing empty process `ResetCounter.$proc$ResetCounter.sv:0$47'.
Found and cleaned up 2 empty switches in `\ResetCounter.$proc$ResetCounter.sv:19$45'.
Removing empty process `ResetCounter.$proc$ResetCounter.sv:19$45'.
Removing empty process `memory.$proc$memory.sv:0$42'.
Removing empty process `memory.$proc$memory.sv:0$40'.
Found and cleaned up 2 empty switches in `\memory.$proc$memory.sv:179$27'.
Removing empty process `memory.$proc$memory.sv:179$27'.
Found and cleaned up 19 empty switches in `\memory.$proc$memory.sv:51$14'.
Removing empty process `memory.$proc$memory.sv:51$14'.
Cleaned up 23 empty switches.

4.3.12. Executing OPT_EXPR pass (perform const folding).
Optimizing module ResetCounter.
Optimizing module $paramod\AnyConst\WIDTH=s32'00000000000000000000000000000010.
Optimizing module memory.
<suppressed ~3 debug messages>

4.4. Executing FUTURE pass.

4.5. Executing OPT_EXPR pass (perform const folding).
Optimizing module ResetCounter.
Optimizing module $paramod\AnyConst\WIDTH=s32'00000000000000000000000000000010.
Optimizing module memory.

4.6. Executing OPT_CLEAN pass (remove unused cells and wires).
Finding unused cells or wires in module \ResetCounter..
Finding unused cells or wires in module $paramod\AnyConst\WIDTH=s32'00000000000000000000000000000010..
Finding unused cells or wires in module \memory..
Removed 2 unused cells and 50 unused wires.
<suppressed ~6 debug messages>

4.7. Executing CHECK pass (checking for obvious problems).
Checking module $paramod\AnyConst\WIDTH=s32'00000000000000000000000000000010...
Checking module ResetCounter...
Checking module memory...
Found and reported 0 problems.

4.8. Executing OPT pass (performing simple optimizations).

4.8.1. Executing OPT_EXPR pass (perform const folding).
Optimizing module $paramod\AnyConst\WIDTH=s32'00000000000000000000000000000010.
Optimizing module ResetCounter.
Optimizing module memory.

4.8.2. Executing OPT_MERGE pass (detect identical cells).
Finding identical cells in module `$paramod\AnyConst\WIDTH=s32'00000000000000000000000000000010'.
Finding identical cells in module `\ResetCounter'.
Finding identical cells in module `\memory'.
<suppressed ~15 debug messages>
Removed a total of 5 cells.

4.8.3. Executing OPT_MUXTREE pass (detect dead branches in mux trees).
Running muxtree optimizer on module $paramod\AnyConst\WIDTH=s32'00000000000000000000000000000010..
  Creating internal representation of mux trees.
  No muxes found in this module.
Running muxtree optimizer on module \ResetCounter..
  Creating internal representation of mux trees.
  Evaluating internal representation of mux trees.
  Analyzing evaluation results.
Running muxtree optimizer on module \memory..
  Creating internal representation of mux trees.
  Evaluating internal representation of mux trees.
  Analyzing evaluation results.
Removed 0 multiplexer ports.
<suppressed ~12 debug messages>

4.8.4. Executing OPT_REDUCE pass (consolidate $*mux and $reduce_* inputs).
  Optimizing cells in module $paramod\AnyConst\WIDTH=s32'00000000000000000000000000000010.
  Optimizing cells in module \ResetCounter.
  Optimizing cells in module \memory.
Performed a total of 0 changes.

4.8.5. Executing OPT_MERGE pass (detect identical cells).
Finding identical cells in module `$paramod\AnyConst\WIDTH=s32'00000000000000000000000000000010'.
Finding identical cells in module `\ResetCounter'.
Finding identical cells in module `\memory'.
<suppressed ~9 debug messages>
Removed a total of 3 cells.

4.8.6. Executing OPT_CLEAN pass (remove unused cells and wires).
Finding unused cells or wires in module $paramod\AnyConst\WIDTH=s32'00000000000000000000000000000010..
Finding unused cells or wires in module \ResetCounter..
Finding unused cells or wires in module \memory..
Removed 0 unused cells and 8 unused wires.
<suppressed ~1 debug messages>

4.8.7. Executing OPT_EXPR pass (perform const folding).
Optimizing module $paramod\AnyConst\WIDTH=s32'00000000000000000000000000000010.
Optimizing module ResetCounter.
Optimizing module memory.

4.8.8. Rerunning OPT passes. (Maybe there is more to do..)

4.8.9. Executing OPT_MUXTREE pass (detect dead branches in mux trees).
Running muxtree optimizer on module $paramod\AnyConst\WIDTH=s32'00000000000000000000000000000010..
  Creating internal representation of mux trees.
  No muxes found in this module.
Running muxtree optimizer on module \ResetCounter..
  Creating internal representation of mux trees.
  Evaluating internal representation of mux trees.
  Analyzing evaluation results.
Running muxtree optimizer on module \memory..
  Creating internal representation of mux trees.
  Evaluating internal representation of mux trees.
  Analyzing evaluation results.
Removed 0 multiplexer ports.
<suppressed ~13 debug messages>

4.8.10. Executing OPT_REDUCE pass (consolidate $*mux and $reduce_* inputs).
  Optimizing cells in module $paramod\AnyConst\WIDTH=s32'00000000000000000000000000000010.
  Optimizing cells in module \ResetCounter.
  Optimizing cells in module \memory.
Performed a total of 0 changes.

4.8.11. Executing OPT_MERGE pass (detect identical cells).
Finding identical cells in module `$paramod\AnyConst\WIDTH=s32'00000000000000000000000000000010'.
Finding identical cells in module `\ResetCounter'.
Finding identical cells in module `\memory'.
Removed a total of 0 cells.

4.8.12. Executing OPT_CLEAN pass (remove unused cells and wires).
Finding unused cells or wires in module $paramod\AnyConst\WIDTH=s32'00000000000000000000000000000010..
Finding unused cells or wires in module \ResetCounter..
Finding unused cells or wires in module \memory..

4.8.13. Executing OPT_EXPR pass (perform const folding).
Optimizing module $paramod\AnyConst\WIDTH=s32'00000000000000000000000000000010.
Optimizing module ResetCounter.
Optimizing module memory.

4.8.14. Finished OPT passes. (There is nothing left to do.)

4.9. Executing WREDUCE pass (reducing word size of cells).
Removed top 31 bits (of 32) from port B of cell ResetCounter.$add$ResetCounter.sv:24$46 ($add).
Removed top 1 bits (of 2) from port A of cell memory.$eq$memory.sv:30$3 ($eq).
Removed top 1 bits (of 2) from port A of cell memory.$eq$memory.sv:66$17 ($eq).

4.10. Executing OPT_CLEAN pass (remove unused cells and wires).
Finding unused cells or wires in module $paramod\AnyConst\WIDTH=s32'00000000000000000000000000000010..
Finding unused cells or wires in module \ResetCounter..
Finding unused cells or wires in module \memory..

4.11. Executing MEMORY_COLLECT pass (generating $mem cells).

4.12. Executing OPT pass (performing simple optimizations).

4.12.1. Executing OPT_EXPR pass (perform const folding).
Optimizing module $paramod\AnyConst\WIDTH=s32'00000000000000000000000000000010.
Optimizing module ResetCounter.
Optimizing module memory.

4.12.2. Executing OPT_MERGE pass (detect identical cells).
Finding identical cells in module `$paramod\AnyConst\WIDTH=s32'00000000000000000000000000000010'.
Finding identical cells in module `\ResetCounter'.
Finding identical cells in module `\memory'.
Removed a total of 0 cells.

4.12.3. Executing OPT_CLEAN pass (remove unused cells and wires).
Finding unused cells or wires in module $paramod\AnyConst\WIDTH=s32'00000000000000000000000000000010..
Finding unused cells or wires in module \ResetCounter..
Finding unused cells or wires in module \memory..

4.12.4. Finished fast OPT passes.

4.13. Printing statistics.

=== $paramod\AnyConst\WIDTH=s32'00000000000000000000000000000010 ===

   Number of wires:                  2
   Number of wire bits:              4
   Number of public wires:           2
   Number of public wire bits:       4
   Number of memories:               0
   Number of memory bits:            0
   Number of processes:              0
   Number of cells:                  1
     $anyconst                       1

=== ResetCounter ===

   Number of wires:                 10
   Number of wire bits:            165
   Number of public wires:           6
   Number of public wire bits:      68
   Number of memories:               0
   Number of memory bits:            0
   Number of processes:              0
   Number of cells:                  6
     $add                            1
     $dff                            2
     $mux                            3

=== memory ===

   Number of wires:                 66
   Number of wire bits:           6730
   Number of public wires:          25
   Number of public wire bits:    2609
   Number of memories:               0
   Number of memory bits:            0
   Number of processes:              0
   Number of cells:                 56
     $and                            6
     $assert                         1
     $assume                         1
     $dff                            9
     $eq                             9
     $logic_not                      1
     $lt                             2
     $mux                           23
     $not                            2
     $paramod\AnyConst\WIDTH=s32'00000000000000000000000000000010      1
     ResetCounter                    1

=== design hierarchy ===

   memory                            1
     $paramod\AnyConst\WIDTH=s32'00000000000000000000000000000010      1
     ResetCounter                    1

   Number of wires:                 78
   Number of wire bits:           6899
   Number of public wires:          33
   Number of public wire bits:    2681
   Number of memories:               0
   Number of memory bits:            0
   Number of processes:              0
   Number of cells:                 61
     $add                            1
     $and                            6
     $anyconst                       1
     $assert                         1
     $assume                         1
     $dff                           11
     $eq                             9
     $logic_not                      1
     $lt                             2
     $mux                           26
     $not                            2

4.14. Executing CHECK pass (checking for obvious problems).
Checking module $paramod\AnyConst\WIDTH=s32'00000000000000000000000000000010...
Checking module ResetCounter...
Checking module memory...
Found and reported 0 problems.

5. Executing HIERARCHY pass (managing design hierarchy).

5.1. Analyzing design hierarchy..
Top module:  \memory
Used module:     $paramod\AnyConst\WIDTH=s32'00000000000000000000000000000010
Used module:     \ResetCounter

5.2. Analyzing design hierarchy..
Top module:  \memory
Used module:     $paramod\AnyConst\WIDTH=s32'00000000000000000000000000000010
Used module:     \ResetCounter
Removed 0 unused modules.
Module memory directly or indirectly contains formal properties -> setting "keep" attribute.

6. Executing jny backend.

7. Executing RTLIL backend.
Output filename: ../model/design.il

End of script. Logfile hash: f39121cc15, CPU: user 0.11s system 0.03s
Yosys 0.35+24 (git sha1 7eea04779, aarch64-apple-darwin20.2-clang 10.0.0-4ubuntu1 -fPIC -Os)
Time spent: 30% 2x check (0 sec), 28% 5x opt_clean (0 sec), ...
