
 /----------------------------------------------------------------------------\
 |                                                                            |
 |  yosys -- Yosys Open SYnthesis Suite                                       |
 |                                                                            |
 |  Copyright (C) 2012 - 2020  Claire Xenia Wolf <claire@yosyshq.com>         |
 |                                                                            |
 |  Permission to use, copy, modify, and/or distribute this software for any  |
 |  purpose with or without fee is hereby granted, provided that the above    |
 |  copyright notice and this permission notice appear in all copies.         |
 |                                                                            |
 |  THE SOFTWARE IS PROVIDED "AS IS" AND THE AUTHOR DISCLAIMS ALL WARRANTIES  |
 |  WITH REGARD TO THIS SOFTWARE INCLUDING ALL IMPLIED WARRANTIES OF          |
 |  MERCHANTABILITY AND FITNESS. IN NO EVENT SHALL THE AUTHOR BE LIABLE FOR   |
 |  ANY SPECIAL, DIRECT, INDIRECT, OR CONSEQUENTIAL DAMAGES OR ANY DAMAGES    |
 |  WHATSOEVER RESULTING FROM LOSS OF USE, DATA OR PROFITS, WHETHER IN AN     |
 |  ACTION OF CONTRACT, NEGLIGENCE OR OTHER TORTIOUS ACTION, ARISING OUT OF   |
 |  OR IN CONNECTION WITH THE USE OR PERFORMANCE OF THIS SOFTWARE.            |
 |                                                                            |
 \----------------------------------------------------------------------------/

 Yosys 0.35+24 (git sha1 7eea04779, aarch64-apple-darwin20.2-clang 10.0.0-4ubuntu1 -fPIC -Os)


-- Executing script file `design_smt2.ys' --

1. Executing RTLIL frontend.
Input filename: design_prep.il

2. Executing HIERARCHY pass (managing design hierarchy).

2.1. Analyzing design hierarchy..
Top module:  \gcd
Used module:     \ResetCounter

2.2. Analyzing design hierarchy..
Top module:  \gcd
Used module:     \ResetCounter
Removed 0 unused modules.
Module gcd directly or indirectly contains formal properties -> setting "keep" attribute.

3. Executing FORMALFF pass.

4. Executing DFFUNMAP pass (unmap clock enable and synchronous reset from FFs).

5. Printing statistics.

=== gcd ===

   Number of wires:                 78
   Number of wire bits:            308
   Number of public wires:          43
   Number of public wire bits:     209
   Number of memories:               0
   Number of memory bits:            0
   Number of processes:              0
   Number of cells:                 67
     $add                            1
     $and                            6
     $anyinit                        6
     $anyseq                         2
     $assert                         2
     $assume                         1
     $eq                             7
     $ff                             2
     $logic_not                      3
     $lt                             1
     $mux                           24
     $not                            3
     $or                             4
     $shr                            2
     $sub                            2
     ResetCounter                    1

=== ResetCounter ===

   Number of wires:                 11
   Number of wire bits:            166
   Number of public wires:           6
   Number of public wire bits:      68
   Number of memories:               0
   Number of memory bits:            0
   Number of processes:              0
   Number of cells:                  8
     $add                            1
     $assume                         1
     $ff                             2
     $mux                            3
     $not                            1

=== design hierarchy ===

   gcd                               1
     ResetCounter                    1

   Number of wires:                 89
   Number of wire bits:            474
   Number of public wires:          49
   Number of public wire bits:     277
   Number of memories:               0
   Number of memory bits:            0
   Number of processes:              0
   Number of cells:                 74
     $add                            2
     $and                            6
     $anyinit                        6
     $anyseq                         2
     $assert                         2
     $assume                         2
     $eq                             7
     $ff                             4
     $logic_not                      3
     $lt                             1
     $mux                           27
     $not                            4
     $or                             4
     $shr                            2
     $sub                            2

6. Executing SMT2 backend.

6.1. Executing BMUXMAP pass.

6.2. Executing DEMUXMAP pass.
Creating SMT-LIBv2 representation of module ResetCounter.
Creating SMT-LIBv2 representation of module gcd.

End of script. Logfile hash: d91d49ca92, CPU: user 0.01s system 0.02s
Yosys 0.35+24 (git sha1 7eea04779, aarch64-apple-darwin20.2-clang 10.0.0-4ubuntu1 -fPIC -Os)
Time spent: 67% 2x write_smt2 (0 sec), 23% 2x read_ilang (0 sec), ...
