SBY 18:12:59 [buffer] Copy '/Users/tangzhijiang/Desktop/我/研究生/大四上/Chisel-Learn/案例练习/Chisel/buffer_bmc/AnyConst.sv' to '/Users/tangzhijiang/Desktop/我/研究生/大四上/Chisel-Learn/案例练习/Chisel/buffer_bmc/buffer/src/AnyConst.sv'.
SBY 18:12:59 [buffer] Copy '/Users/tangzhijiang/Desktop/我/研究生/大四上/Chisel-Learn/案例练习/Chisel/buffer_bmc/buffer.sv' to '/Users/tangzhijiang/Desktop/我/研究生/大四上/Chisel-Learn/案例练习/Chisel/buffer_bmc/buffer/src/buffer.sv'.
SBY 18:12:59 [buffer] Copy '/Users/tangzhijiang/Desktop/我/研究生/大四上/Chisel-Learn/案例练习/Chisel/buffer_bmc/ResetCounter.sv' to '/Users/tangzhijiang/Desktop/我/研究生/大四上/Chisel-Learn/案例练习/Chisel/buffer_bmc/buffer/src/ResetCounter.sv'.
SBY 18:12:59 [buffer] engine_0: smtbmc boolector
SBY 18:12:59 [buffer] base: starting process "cd buffer/src; yosys -ql ../model/design.log ../model/design.ys"
SBY 18:12:59 [buffer] base: finished (returncode=0)
SBY 18:12:59 [buffer] prep: starting process "cd buffer/model; yosys -ql design_prep.log design_prep.ys"
SBY 18:12:59 [buffer] prep: finished (returncode=0)
SBY 18:12:59 [buffer] smt2: starting process "cd buffer/model; yosys -ql design_smt2.log design_smt2.ys"
SBY 18:12:59 [buffer] smt2: finished (returncode=0)
SBY 18:12:59 [buffer] engine_0: starting process "cd buffer; yosys-smtbmc -s boolector --presat --unroll --noprogress -t 20  --append 0 --dump-vcd engine_0/trace.vcd --dump-yw engine_0/trace.yw --dump-vlogtb engine_0/trace_tb.v --dump-smtc engine_0/trace.smtc model/design_smt2.smt2"
SBY 18:12:59 [buffer] engine_0: ##   0:00:00  Solver: boolector
SBY 18:13:00 [buffer] engine_0: ##   0:00:00  Checking assumptions in step 0..
SBY 18:13:00 [buffer] engine_0: ##   0:00:00  Checking assertions in step 0..
SBY 18:13:00 [buffer] engine_0: ##   0:00:00  Checking assumptions in step 1..
SBY 18:13:00 [buffer] engine_0: ##   0:00:00  Checking assertions in step 1..
SBY 18:13:00 [buffer] engine_0: ##   0:00:00  Checking assumptions in step 2..
SBY 18:13:00 [buffer] engine_0: ##   0:00:00  Checking assertions in step 2..
SBY 18:13:00 [buffer] engine_0: ##   0:00:00  Checking assumptions in step 3..
SBY 18:13:00 [buffer] engine_0: ##   0:00:00  Checking assertions in step 3..
SBY 18:13:00 [buffer] engine_0: ##   0:00:00  Checking assumptions in step 4..
SBY 18:13:00 [buffer] engine_0: ##   0:00:00  Checking assertions in step 4..
SBY 18:13:00 [buffer] engine_0: ##   0:00:00  Checking assumptions in step 5..
SBY 18:13:00 [buffer] engine_0: ##   0:00:00  Checking assertions in step 5..
SBY 18:13:00 [buffer] engine_0: ##   0:00:00  Checking assumptions in step 6..
SBY 18:13:00 [buffer] engine_0: ##   0:00:00  Checking assertions in step 6..
SBY 18:13:00 [buffer] engine_0: ##   0:00:00  Checking assumptions in step 7..
SBY 18:13:00 [buffer] engine_0: ##   0:00:00  Checking assertions in step 7..
SBY 18:13:00 [buffer] engine_0: ##   0:00:00  Checking assumptions in step 8..
SBY 18:13:00 [buffer] engine_0: ##   0:00:00  Checking assertions in step 8..
SBY 18:13:00 [buffer] engine_0: ##   0:00:00  Checking assumptions in step 9..
SBY 18:13:00 [buffer] engine_0: ##   0:00:00  Checking assertions in step 9..
SBY 18:13:00 [buffer] engine_0: ##   0:00:00  Checking assumptions in step 10..
SBY 18:13:00 [buffer] engine_0: ##   0:00:00  Checking assertions in step 10..
SBY 18:13:00 [buffer] engine_0: ##   0:00:00  Checking assumptions in step 11..
SBY 18:13:00 [buffer] engine_0: ##   0:00:00  Checking assertions in step 11..
SBY 18:13:00 [buffer] engine_0: ##   0:00:00  Checking assumptions in step 12..
SBY 18:13:00 [buffer] engine_0: ##   0:00:00  Checking assertions in step 12..
SBY 18:13:00 [buffer] engine_0: ##   0:00:00  Checking assumptions in step 13..
SBY 18:13:00 [buffer] engine_0: ##   0:00:00  Checking assertions in step 13..
SBY 18:13:00 [buffer] engine_0: ##   0:00:00  Checking assumptions in step 14..
SBY 18:13:00 [buffer] engine_0: ##   0:00:00  Checking assertions in step 14..
SBY 18:13:00 [buffer] engine_0: ##   0:00:00  Checking assumptions in step 15..
SBY 18:13:00 [buffer] engine_0: ##   0:00:00  Checking assertions in step 15..
SBY 18:13:00 [buffer] engine_0: ##   0:00:00  Checking assumptions in step 16..
SBY 18:13:00 [buffer] engine_0: ##   0:00:00  Checking assertions in step 16..
SBY 18:13:00 [buffer] engine_0: ##   0:00:00  Checking assumptions in step 17..
SBY 18:13:00 [buffer] engine_0: ##   0:00:00  Checking assertions in step 17..
SBY 18:13:00 [buffer] engine_0: ##   0:00:00  Checking assumptions in step 18..
SBY 18:13:00 [buffer] engine_0: ##   0:00:00  Checking assertions in step 18..
SBY 18:13:00 [buffer] engine_0: ##   0:00:00  Checking assumptions in step 19..
SBY 18:13:00 [buffer] engine_0: ##   0:00:00  Checking assertions in step 19..
SBY 18:13:00 [buffer] engine_0: ##   0:00:00  Status: passed
SBY 18:13:00 [buffer] engine_0: finished (returncode=0)
SBY 18:13:00 [buffer] engine_0: Status returned by engine: pass
SBY 18:13:00 [buffer] summary: Elapsed clock time [H:MM:SS (secs)]: 0:00:00 (0)
SBY 18:13:00 [buffer] summary: Elapsed process time [H:MM:SS (secs)]: 0:00:00 (0)
SBY 18:13:00 [buffer] summary: engine_0 (smtbmc boolector) returned pass
SBY 18:13:00 [buffer] summary: engine_0 did not produce any traces
SBY 18:13:00 [buffer] DONE (PASS, rc=0)